2022-04-06 21:46:50,486 | INFO | post_viewed | post-slug: deneme, user: root
2022-04-06 21:53:36,365 | INFO | post_added | post-slug: content-richtextfield-2, user: root
2022-04-06 21:53:36,375 | INFO | post_viewed | post-slug: content-richtextfield-2, user: root
2022-04-06 21:54:22,525 | INFO | post_added | post-slug: content-richtextfiel, user: root
2022-04-06 21:54:22,537 | INFO | post_viewed | post-slug: content-richtextfiel, user: root
2022-04-06 21:54:30,054 | INFO | comment_added | post-slug: content-richtextfiel, user: root
2022-04-06 21:54:30,064 | INFO | post_viewed | post-slug: content-richtextfiel, user: root
2022-04-06 21:58:12,200 | INFO | post_viewed | post-slug: content-richtextfield-2, user: root
2022-04-06 21:58:17,186 | INFO | post_viewed | post-slug: content-richtextfield-2, user: root
2022-04-06 22:00:42,721 | INFO | post_viewed | post-slug: deneme, user: root
2022-04-06 22:13:39,863 | INFO | post_added | post-slug: nknown-printer-took-a-gall, user: root
2022-04-06 22:13:39,873 | INFO | post_viewed | post-slug: nknown-printer-took-a-gall, user: root
2022-04-06 22:13:56,221 | INFO | comment_added | post-slug: nknown-printer-took-a-gall, user: root
2022-04-06 22:13:56,232 | INFO | post_viewed | post-slug: nknown-printer-took-a-gall, user: root
2022-04-06 22:21:29,394 | INFO | post_added | post-slug: static_root-ospathjoinba, user: root
2022-04-06 22:21:29,407 | INFO | post_viewed | post-slug: static_root-ospathjoinba, user: root
2022-04-06 22:22:23,510 | INFO | post_viewed | post-slug: static_root-staticfiles, user: root
2022-04-06 22:23:26,618 | INFO | post_added | post-slug: atic_root-st, user: root
2022-04-06 22:23:26,628 | INFO | post_viewed | post-slug: atic_root-st, user: root
2022-04-06 22:24:11,246 | INFO | post_viewed | post-slug: atic_root-st-2, user: root
2022-04-06 22:24:16,576 | INFO | comment_added | post-slug: atic_root-st-2, user: root
2022-04-06 22:24:16,586 | INFO | post_viewed | post-slug: atic_root-st-2, user: root
2022-04-06 22:24:22,065 | INFO | post_viewed | post-slug: atic_root-st, user: root
2022-04-06 22:24:25,320 | INFO | post_viewed | post-slug: atic_root-st-2, user: root
2022-04-06 22:33:42,394 | INFO | post_added | post-slug: 10aculis-aliquam-orci-felis-e, user: root
2022-04-06 22:33:42,406 | INFO | post_viewed | post-slug: 10aculis-aliquam-orci-felis-e, user: root
2022-04-06 22:33:55,674 | INFO | comment_added | post-slug: 10aculis-aliquam-orci-felis-e, user: root
2022-04-06 22:33:55,684 | INFO | post_viewed | post-slug: 10aculis-aliquam-orci-felis-e, user: root
2022-04-06 22:36:18,795 | INFO | post_viewed | post-slug: 10aculis-aliquam-orci-felis-e, user: root
2022-04-06 22:36:22,712 | INFO | comment_added | post-slug: 10aculis-aliquam-orci-felis-e, user: root
2022-04-06 22:36:22,721 | INFO | post_viewed | post-slug: 10aculis-aliquam-orci-felis-e, user: root
2022-04-06 22:41:59,877 | INFO | post_viewed | post-slug: 10aculis-aliquam-orci-felis-e, user: root
2022-04-06 22:56:24,690 | INFO | post_viewed | post-slug: atic_root-st, user: root
2022-04-06 22:56:41,380 | INFO | post_viewed | post-slug: atic_root-st, user: root
2022-04-06 22:57:07,629 | INFO | post_viewed | post-slug: atic_root-st, user: root
2022-04-06 22:57:14,708 | INFO | post_viewed | post-slug: atic_root-st, user: root
2022-04-06 22:58:00,020 | INFO | post_viewed | post-slug: atic_root-st, user: root
2022-04-06 22:58:07,342 | INFO | post_viewed | post-slug: atic_root-st, user: root
2022-04-06 22:58:14,768 | INFO | post_viewed | post-slug: atic_root-st, user: root
2022-04-06 23:02:51,605 | INFO | post_viewed | post-slug: static_root-staticfiles, user: root
2022-04-06 23:02:59,261 | INFO | post_viewed | post-slug: static_root-staticfiles, user: root
2022-04-06 23:03:46,431 | INFO | post_viewed | post-slug: 10aculis-aliquam-orci-felis-e, user: root
2022-04-06 23:04:46,502 | INFO | post_viewed | post-slug: 10aculis-aliquam-orci-felis-e, user: root
2022-04-06 23:30:54,038 | INFO | post_viewed | post-slug: atic_root-st, user: root
2022-04-06 23:31:48,544 | INFO | post_viewed | post-slug: static_root-staticfiles, user: root
2022-04-06 23:31:51,645 | INFO | post_updated | post-slug: static_root-staticfiles, user: root
2022-04-06 23:33:10,980 | INFO | post_deleted | post-slug: nknown-printer-took-a-gall, user: root
2022-04-06 23:35:13,749 | INFO | post_updated | post-slug: content-richtextfiel, user: root
2022-04-06 23:35:13,759 | INFO | post_viewed | post-slug: content-richtextfiel, user: root
2022-04-06 23:36:25,832 | INFO | comment_added | post-slug: content-richtextfiel, user: root
2022-04-06 23:36:25,843 | INFO | post_viewed | post-slug: content-richtextfiel, user: root
2022-04-06 23:38:31,295 | INFO | comment_added | post-slug: content-richtextfiel, user: root
2022-04-06 23:38:31,303 | INFO | post_viewed | post-slug: content-richtextfiel, user: root
2022-04-06 23:38:36,193 | INFO | comment_deleted | post-slug: content-richtextfiel, comment-id: 6, user: root
2022-04-06 23:38:36,204 | INFO | post_viewed | post-slug: content-richtextfiel, user: root
2022-04-08 17:14:31,997 | INFO | post_viewed | post-slug: 10aculis-aliquam-orci-felis-e, user: root
2022-04-08 17:14:36,105 | INFO | comment_added | post-slug: 10aculis-aliquam-orci-felis-e, user: root
2022-04-08 17:14:36,114 | INFO | post_viewed | post-slug: 10aculis-aliquam-orci-felis-e, user: root
2022-04-08 17:14:40,392 | INFO | comment_added | post-slug: 10aculis-aliquam-orci-felis-e, user: root
2022-04-08 17:14:40,402 | INFO | post_viewed | post-slug: 10aculis-aliquam-orci-felis-e, user: root
2022-04-08 17:14:55,136 | INFO | post_viewed | post-slug: atic_root-st-2, user: root
2022-04-08 17:14:57,739 | INFO | comment_added | post-slug: atic_root-st-2, user: root
2022-04-08 17:14:57,747 | INFO | post_viewed | post-slug: atic_root-st-2, user: root
2022-04-08 17:15:00,870 | INFO | comment_added | post-slug: atic_root-st-2, user: root
2022-04-08 17:15:00,880 | INFO | post_viewed | post-slug: atic_root-st-2, user: root
2022-04-08 17:15:06,256 | INFO | comment_added | post-slug: atic_root-st-2, user: root
2022-04-08 17:15:06,266 | INFO | post_viewed | post-slug: atic_root-st-2, user: root
2022-04-08 17:15:23,511 | INFO | post_viewed | post-slug: deneme, user: root
2022-04-08 17:15:26,611 | INFO | comment_added | post-slug: deneme, user: root
2022-04-08 17:15:26,622 | INFO | post_viewed | post-slug: deneme, user: root
2022-04-08 17:15:33,307 | INFO | comment_added | post-slug: deneme, user: root
2022-04-08 17:15:33,317 | INFO | post_viewed | post-slug: deneme, user: root
2022-04-08 17:26:11,752 | INFO | post_viewed | post-slug: orange, user: root
2022-04-08 17:26:16,186 | INFO | comment_added | post-slug: orange, user: root
2022-04-08 17:26:16,199 | INFO | post_viewed | post-slug: orange, user: root
2022-04-08 17:26:20,286 | INFO | comment_added | post-slug: orange, user: root
2022-04-08 17:26:20,295 | INFO | post_viewed | post-slug: orange, user: root
2022-04-08 17:26:27,408 | INFO | comment_added | post-slug: orange, user: root
2022-04-08 17:26:27,417 | INFO | post_viewed | post-slug: orange, user: root
2022-04-08 17:26:30,897 | INFO | comment_added | post-slug: orange, user: root
2022-04-08 17:26:30,908 | INFO | post_viewed | post-slug: orange, user: root
2022-04-08 17:26:35,534 | INFO | comment_added | post-slug: orange, user: root
2022-04-08 17:26:35,546 | INFO | post_viewed | post-slug: orange, user: root
2022-04-08 17:33:24,841 | INFO | comment_deleted | post-slug: 10aculis-aliquam-orci-felis-e, comment-id: 5, user: root
2022-04-08 17:33:24,851 | INFO | post_viewed | post-slug: 10aculis-aliquam-orci-felis-e, user: root
